2018-01-12 12:26:14.267 INFO  (main) [   ] o.e.j.u.log Logging initialized @624ms
2018-01-12 12:26:15.032 INFO  (main) [   ] o.e.j.s.Server jetty-9.2.13.v20150730
2018-01-12 12:26:15.055 WARN  (main) [   ] o.e.j.s.h.RequestLogHandler !RequestLog
2018-01-12 12:26:15.058 INFO  (main) [   ] o.e.j.d.p.ScanningAppProvider Deployment monitor [file:/var/www/mystore/solr/server/contexts/] at interval 0
2018-01-12 12:26:16.612 INFO  (main) [   ] o.e.j.w.StandardDescriptorProcessor NO JSP Support for /solr, did not find org.apache.jasper.servlet.JspServlet
2018-01-12 12:26:16.656 WARN  (main) [   ] o.e.j.s.SecurityHandler ServletContext@o.e.j.w.WebAppContext@e25b2fe{/solr,file:/var/www/mystore/solr/server/solr-webapp/webapp/,STARTING}{/var/www/mystore/solr/server/solr-webapp/webapp} has uncovered http methods for path: /
2018-01-12 12:26:16.719 INFO  (main) [   ] o.a.s.s.SolrDispatchFilter SolrDispatchFilter.init(): WebAppClassLoader=117244645@6fd02e5
2018-01-12 12:26:16.808 INFO  (main) [   ] o.a.s.c.SolrResourceLoader JNDI not configured for solr (NoInitialContextEx)
2018-01-12 12:26:16.809 INFO  (main) [   ] o.a.s.c.SolrResourceLoader using system property solr.solr.home: /var/www/mystore/solr/server/solr
2018-01-12 12:26:16.820 INFO  (main) [   ] o.a.s.c.SolrResourceLoader new SolrResourceLoader for directory: '/var/www/mystore/solr/server/solr'
2018-01-12 12:26:16.821 INFO  (main) [   ] o.a.s.c.SolrResourceLoader JNDI not configured for solr (NoInitialContextEx)
2018-01-12 12:26:16.821 INFO  (main) [   ] o.a.s.c.SolrResourceLoader using system property solr.solr.home: /var/www/mystore/solr/server/solr
2018-01-12 12:26:16.864 INFO  (main) [   ] o.a.s.c.SolrXmlConfig Loading container configuration from /var/www/mystore/solr/server/solr/solr.xml
2018-01-12 12:26:17.372 INFO  (main) [   ] o.a.s.c.CorePropertiesLocator Config-defined core root directory: /var/www/mystore/solr/server/solr
2018-01-12 12:26:17.509 INFO  (main) [   ] o.a.s.c.CoreContainer New CoreContainer 1634132079
2018-01-12 12:26:17.510 INFO  (main) [   ] o.a.s.c.CoreContainer Loading cores into CoreContainer [instanceDir=/var/www/mystore/solr/server/solr]
2018-01-12 12:26:17.511 WARN  (main) [   ] o.a.s.c.CoreContainer Couldn't add files from /var/www/mystore/solr/server/solr/lib to classpath: /var/www/mystore/solr/server/solr/lib
2018-01-12 12:26:17.561 INFO  (main) [   ] o.a.s.h.c.HttpShardHandlerFactory created with socketTimeout : 600000,connTimeout : 60000,maxConnectionsPerHost : 20,maxConnections : 10000,corePoolSize : 0,maximumPoolSize : 2147483647,maxThreadIdleTime : 5,sizeOfQueue : -1,fairnessPolicy : false,useRetries : false,connectionsEvictorSleepDelay : 5000,maxConnectionIdleTime : 40000,
2018-01-12 12:26:18.472 INFO  (main) [   ] o.a.s.u.UpdateShardHandler Creating UpdateShardHandler HTTP client with params: socketTimeout=600000&connTimeout=60000&retry=true
2018-01-12 12:26:18.482 INFO  (main) [   ] o.a.s.l.LogWatcher SLF4J impl is org.slf4j.impl.Log4jLoggerFactory
2018-01-12 12:26:18.483 INFO  (main) [   ] o.a.s.l.LogWatcher Registering Log Listener [Log4j (org.slf4j.impl.Log4jLoggerFactory)]
2018-01-12 12:26:18.495 INFO  (main) [   ] o.a.s.c.CoreContainer Security conf doesn't exist. Skipping setup for authorization module.
2018-01-12 12:26:18.496 INFO  (main) [   ] o.a.s.c.CoreContainer No authentication plugin used.
2018-01-12 12:26:18.665 INFO  (main) [   ] o.a.s.c.CorePropertiesLocator Looking for core definitions underneath /var/www/mystore/solr/server/solr
2018-01-12 12:26:18.689 INFO  (main) [   ] o.a.s.c.CoreDescriptor Created CoreDescriptor: {solr.replication.pollInterval=00:00:60, solr.autoCommit.MaxDocs=10000, solr.replication.confFiles=schema.xml,mapping-ISOLatin1Accent.txt,protwords.txt,stopwords.txt,synonyms.txt,elevate.xml, loadOnStartup=true, solr.replication.master=false, solr.install.dir=../../.., solr.mlt.timeAllowed=2000, solr.pinkPony.timeAllowed=-1, solr.autoSoftCommit.MaxTime=10000, schema=schema.xml, solr.replication.masterUrl=http://localhost:8983/solr, solr.autoSoftCommit.MaxDocs=2000, solr.luceneMatchVersion=5.0, configSetProperties=configsetprops.json, solr.autoCommit.MaxTime=120000, dataDir=data, transient=false, config=solrconfig.xml, solr.replication.slave=false, name=drupal}
2018-01-12 12:26:18.690 INFO  (main) [   ] o.a.s.c.CorePropertiesLocator Found core drupal in /var/www/mystore/solr/server/solr/drupal
2018-01-12 12:26:18.700 INFO  (main) [   ] o.a.s.c.CorePropertiesLocator Found 1 core definitions
2018-01-12 12:26:18.709 INFO  (main) [   ] o.a.s.s.SolrDispatchFilter user.dir=/var/www/mystore/solr/server
2018-01-12 12:26:18.709 INFO  (main) [   ] o.a.s.s.SolrDispatchFilter SolrDispatchFilter.init() done
2018-01-12 12:26:18.820 INFO  (coreLoadExecutor-6-thread-1) [   ] o.a.s.c.SolrResourceLoader new SolrResourceLoader for directory: '/var/www/mystore/solr/server/solr/drupal'
2018-01-12 12:26:18.821 INFO  (coreLoadExecutor-6-thread-1) [   ] o.a.s.c.SolrResourceLoader JNDI not configured for solr (NoInitialContextEx)
2018-01-12 12:26:18.822 INFO  (coreLoadExecutor-6-thread-1) [   ] o.a.s.c.SolrResourceLoader using system property solr.solr.home: /var/www/mystore/solr/server/solr
2018-01-12 12:26:18.874 INFO  (main) [   ] o.e.j.s.h.ContextHandler Started o.e.j.w.WebAppContext@e25b2fe{/solr,file:/var/www/mystore/solr/server/solr-webapp/webapp/,AVAILABLE}{/var/www/mystore/solr/server/solr-webapp/webapp}
2018-01-12 12:26:18.966 INFO  (main) [   ] o.e.j.s.ServerConnector Started ServerConnector@3c41ed1d{HTTP/1.1}{0.0.0.0:8983}
2018-01-12 12:26:18.967 INFO  (main) [   ] o.e.j.s.Server Started @5327ms
2018-01-12 12:26:19.224 INFO  (coreLoadExecutor-6-thread-1) [   ] o.a.s.c.SolrConfig current version of requestparams : -1
2018-01-12 12:26:19.233 INFO  (coreLoadExecutor-6-thread-1) [   ] o.a.s.c.SolrConfig Adding specified lib dirs to ClassLoader
2018-01-12 12:26:19.270 INFO  (coreLoadExecutor-6-thread-1) [   ] o.a.s.c.SolrResourceLoader Adding 'file:/var/www/mystore/solr/contrib/extraction/lib/apache-mime4j-core-0.7.2.jar' to classloader
2018-01-12 12:26:19.270 INFO  (coreLoadExecutor-6-thread-1) [   ] o.a.s.c.SolrResourceLoader Adding 'file:/var/www/mystore/solr/contrib/extraction/lib/juniversalchardet-1.0.3.jar' to classloader
2018-01-12 12:26:19.270 INFO  (coreLoadExecutor-6-thread-1) [   ] o.a.s.c.SolrResourceLoader Adding 'file:/var/www/mystore/solr/contrib/extraction/lib/bcprov-jdk15-1.45.jar' to classloader
2018-01-12 12:26:19.270 INFO  (coreLoadExecutor-6-thread-1) [   ] o.a.s.c.SolrResourceLoader Adding 'file:/var/www/mystore/solr/contrib/extraction/lib/commons-compress-1.8.1.jar' to classloader
2018-01-12 12:26:19.271 INFO  (coreLoadExecutor-6-thread-1) [   ] o.a.s.c.SolrResourceLoader Adding 'file:/var/www/mystore/solr/contrib/extraction/lib/isoparser-1.0.2.jar' to classloader
2018-01-12 12:26:19.271 INFO  (coreLoadExecutor-6-thread-1) [   ] o.a.s.c.SolrResourceLoader Adding 'file:/var/www/mystore/solr/contrib/extraction/lib/jdom-1.0.jar' to classloader
2018-01-12 12:26:19.271 INFO  (coreLoadExecutor-6-thread-1) [   ] o.a.s.c.SolrResourceLoader Adding 'file:/var/www/mystore/solr/contrib/extraction/lib/boilerpipe-1.1.0.jar' to classloader
2018-01-12 12:26:19.271 INFO  (coreLoadExecutor-6-thread-1) [   ] o.a.s.c.SolrResourceLoader Adding 'file:/var/www/mystore/solr/contrib/extraction/lib/jempbox-1.8.8.jar' to classloader
2018-01-12 12:26:19.271 INFO  (coreLoadExecutor-6-thread-1) [   ] o.a.s.c.SolrResourceLoader Adding 'file:/var/www/mystore/solr/contrib/extraction/lib/poi-ooxml-schemas-3.11.jar' to classloader
2018-01-12 12:26:19.271 INFO  (coreLoadExecutor-6-thread-1) [   ] o.a.s.c.SolrResourceLoader Adding 'file:/var/www/mystore/solr/contrib/extraction/lib/pdfbox-1.8.8.jar' to classloader
2018-01-12 12:26:19.271 INFO  (coreLoadExecutor-6-thread-1) [   ] o.a.s.c.SolrResourceLoader Adding 'file:/var/www/mystore/solr/contrib/extraction/lib/poi-scratchpad-3.11.jar' to classloader
2018-01-12 12:26:19.271 INFO  (coreLoadExecutor-6-thread-1) [   ] o.a.s.c.SolrResourceLoader Adding 'file:/var/www/mystore/solr/contrib/extraction/lib/vorbis-java-tika-0.6.jar' to classloader
2018-01-12 12:26:19.271 INFO  (coreLoadExecutor-6-thread-1) [   ] o.a.s.c.SolrResourceLoader Adding 'file:/var/www/mystore/solr/contrib/extraction/lib/rome-1.0.jar' to classloader
2018-01-12 12:26:19.272 INFO  (coreLoadExecutor-6-thread-1) [   ] o.a.s.c.SolrResourceLoader Adding 'file:/var/www/mystore/solr/contrib/extraction/lib/jmatio-1.0.jar' to classloader
2018-01-12 12:26:19.272 INFO  (coreLoadExecutor-6-thread-1) [   ] o.a.s.c.SolrResourceLoader Adding 'file:/var/www/mystore/solr/contrib/extraction/lib/metadata-extractor-2.6.2.jar' to classloader
2018-01-12 12:26:19.274 INFO  (coreLoadExecutor-6-thread-1) [   ] o.a.s.c.SolrResourceLoader Adding 'file:/var/www/mystore/solr/contrib/extraction/lib/aspectjrt-1.8.0.jar' to classloader
2018-01-12 12:26:19.274 INFO  (coreLoadExecutor-6-thread-1) [   ] o.a.s.c.SolrResourceLoader Adding 'file:/var/www/mystore/solr/contrib/extraction/lib/tika-java7-1.7.jar' to classloader
2018-01-12 12:26:19.274 INFO  (coreLoadExecutor-6-thread-1) [   ] o.a.s.c.SolrResourceLoader Adding 'file:/var/www/mystore/solr/contrib/extraction/lib/tika-core-1.7.jar' to classloader
2018-01-12 12:26:19.274 INFO  (coreLoadExecutor-6-thread-1) [   ] o.a.s.c.SolrResourceLoader Adding 'file:/var/www/mystore/solr/contrib/extraction/lib/tagsoup-1.2.1.jar' to classloader
2018-01-12 12:26:19.274 INFO  (coreLoadExecutor-6-thread-1) [   ] o.a.s.c.SolrResourceLoader Adding 'file:/var/www/mystore/solr/contrib/extraction/lib/java-libpst-0.8.1.jar' to classloader
2018-01-12 12:26:19.274 INFO  (coreLoadExecutor-6-thread-1) [   ] o.a.s.c.SolrResourceLoader Adding 'file:/var/www/mystore/solr/contrib/extraction/lib/xmlbeans-2.6.0.jar' to classloader
2018-01-12 12:26:19.274 INFO  (coreLoadExecutor-6-thread-1) [   ] o.a.s.c.SolrResourceLoader Adding 'file:/var/www/mystore/solr/contrib/extraction/lib/xz-1.5.jar' to classloader
2018-01-12 12:26:19.275 INFO  (coreLoadExecutor-6-thread-1) [   ] o.a.s.c.SolrResourceLoader Adding 'file:/var/www/mystore/solr/contrib/extraction/lib/fontbox-1.8.8.jar' to classloader
2018-01-12 12:26:19.275 INFO  (coreLoadExecutor-6-thread-1) [   ] o.a.s.c.SolrResourceLoader Adding 'file:/var/www/mystore/solr/contrib/extraction/lib/bcmail-jdk15-1.45.jar' to classloader
2018-01-12 12:26:19.284 INFO  (coreLoadExecutor-6-thread-1) [   ] o.a.s.c.SolrResourceLoader Adding 'file:/var/www/mystore/solr/contrib/extraction/lib/tika-parsers-1.7.jar' to classloader
2018-01-12 12:26:19.289 INFO  (coreLoadExecutor-6-thread-1) [   ] o.a.s.c.SolrResourceLoader Adding 'file:/var/www/mystore/solr/contrib/extraction/lib/icu4j-54.1.jar' to classloader
2018-01-12 12:26:19.290 INFO  (coreLoadExecutor-6-thread-1) [   ] o.a.s.c.SolrResourceLoader Adding 'file:/var/www/mystore/solr/contrib/extraction/lib/xmpcore-5.1.2.jar' to classloader
2018-01-12 12:26:19.290 INFO  (coreLoadExecutor-6-thread-1) [   ] o.a.s.c.SolrResourceLoader Adding 'file:/var/www/mystore/solr/contrib/extraction/lib/vorbis-java-core-0.6.jar' to classloader
2018-01-12 12:26:19.290 INFO  (coreLoadExecutor-6-thread-1) [   ] o.a.s.c.SolrResourceLoader Adding 'file:/var/www/mystore/solr/contrib/extraction/lib/apache-mime4j-dom-0.7.2.jar' to classloader
2018-01-12 12:26:19.290 INFO  (coreLoadExecutor-6-thread-1) [   ] o.a.s.c.SolrResourceLoader Adding 'file:/var/www/mystore/solr/contrib/extraction/lib/poi-ooxml-3.11.jar' to classloader
2018-01-12 12:26:19.290 INFO  (coreLoadExecutor-6-thread-1) [   ] o.a.s.c.SolrResourceLoader Adding 'file:/var/www/mystore/solr/contrib/extraction/lib/poi-3.11.jar' to classloader
2018-01-12 12:26:19.290 INFO  (coreLoadExecutor-6-thread-1) [   ] o.a.s.c.SolrResourceLoader Adding 'file:/var/www/mystore/solr/contrib/extraction/lib/tika-xmp-1.7.jar' to classloader
2018-01-12 12:26:19.290 INFO  (coreLoadExecutor-6-thread-1) [   ] o.a.s.c.SolrResourceLoader Adding 'file:/var/www/mystore/solr/contrib/extraction/lib/xercesImpl-2.9.1.jar' to classloader
2018-01-12 12:26:19.290 INFO  (coreLoadExecutor-6-thread-1) [   ] o.a.s.c.SolrResourceLoader Adding 'file:/var/www/mystore/solr/dist/solr-cell-5.5.4.jar' to classloader
2018-01-12 12:26:19.291 INFO  (coreLoadExecutor-6-thread-1) [   ] o.a.s.c.SolrResourceLoader Adding 'file:/var/www/mystore/solr/contrib/clustering/lib/carrot2-guava-18.0.jar' to classloader
2018-01-12 12:26:19.291 INFO  (coreLoadExecutor-6-thread-1) [   ] o.a.s.c.SolrResourceLoader Adding 'file:/var/www/mystore/solr/contrib/clustering/lib/jackson-annotations-2.5.4.jar' to classloader
2018-01-12 12:26:19.291 INFO  (coreLoadExecutor-6-thread-1) [   ] o.a.s.c.SolrResourceLoader Adding 'file:/var/www/mystore/solr/contrib/clustering/lib/attributes-binder-1.2.3.jar' to classloader
2018-01-12 12:26:19.291 INFO  (coreLoadExecutor-6-thread-1) [   ] o.a.s.c.SolrResourceLoader Adding 'file:/var/www/mystore/solr/contrib/clustering/lib/mahout-math-0.6.jar' to classloader
2018-01-12 12:26:19.291 INFO  (coreLoadExecutor-6-thread-1) [   ] o.a.s.c.SolrResourceLoader Adding 'file:/var/www/mystore/solr/contrib/clustering/lib/jackson-databind-2.5.4.jar' to classloader
2018-01-12 12:26:19.291 INFO  (coreLoadExecutor-6-thread-1) [   ] o.a.s.c.SolrResourceLoader Adding 'file:/var/www/mystore/solr/contrib/clustering/lib/carrot2-mini-3.10.4.jar' to classloader
2018-01-12 12:26:19.291 INFO  (coreLoadExecutor-6-thread-1) [   ] o.a.s.c.SolrResourceLoader Adding 'file:/var/www/mystore/solr/contrib/clustering/lib/mahout-collections-1.0.jar' to classloader
2018-01-12 12:26:19.291 INFO  (coreLoadExecutor-6-thread-1) [   ] o.a.s.c.SolrResourceLoader Adding 'file:/var/www/mystore/solr/contrib/clustering/lib/simple-xml-2.7.1.jar' to classloader
2018-01-12 12:26:19.291 INFO  (coreLoadExecutor-6-thread-1) [   ] o.a.s.c.SolrResourceLoader Adding 'file:/var/www/mystore/solr/dist/solr-clustering-5.5.4.jar' to classloader
2018-01-12 12:26:19.292 INFO  (coreLoadExecutor-6-thread-1) [   ] o.a.s.c.SolrResourceLoader Adding 'file:/var/www/mystore/solr/contrib/langid/lib/jsonic-1.2.7.jar' to classloader
2018-01-12 12:26:19.292 INFO  (coreLoadExecutor-6-thread-1) [   ] o.a.s.c.SolrResourceLoader Adding 'file:/var/www/mystore/solr/contrib/langid/lib/langdetect-1.1-20120112.jar' to classloader
2018-01-12 12:26:19.292 INFO  (coreLoadExecutor-6-thread-1) [   ] o.a.s.c.SolrResourceLoader Adding 'file:/var/www/mystore/solr/dist/solr-langid-5.5.4.jar' to classloader
2018-01-12 12:26:19.292 INFO  (coreLoadExecutor-6-thread-1) [   ] o.a.s.c.SolrResourceLoader Adding 'file:/var/www/mystore/solr/contrib/velocity/lib/velocity-1.7.jar' to classloader
2018-01-12 12:26:19.292 INFO  (coreLoadExecutor-6-thread-1) [   ] o.a.s.c.SolrResourceLoader Adding 'file:/var/www/mystore/solr/contrib/velocity/lib/commons-collections-3.2.2.jar' to classloader
2018-01-12 12:26:19.292 INFO  (coreLoadExecutor-6-thread-1) [   ] o.a.s.c.SolrResourceLoader Adding 'file:/var/www/mystore/solr/contrib/velocity/lib/velocity-tools-2.0.jar' to classloader
2018-01-12 12:26:19.292 INFO  (coreLoadExecutor-6-thread-1) [   ] o.a.s.c.SolrResourceLoader Adding 'file:/var/www/mystore/solr/contrib/velocity/lib/commons-beanutils-1.8.3.jar' to classloader
2018-01-12 12:26:19.292 INFO  (coreLoadExecutor-6-thread-1) [   ] o.a.s.c.SolrResourceLoader Adding 'file:/var/www/mystore/solr/dist/solr-velocity-5.5.4.jar' to classloader
2018-01-12 12:26:21.202 WARN  (coreLoadExecutor-6-thread-1) [   ] o.a.s.c.Config Solr no longer supports forceful unlocking via the 'unlockOnStartup' option.  This is no longer necessary for the default lockType except in situations where it would be dangerous and should not be done.  For other lockTypes and/or directoryFactory options it may also be dangerous and users must resolve problematic locks manually.
2018-01-12 12:26:21.455 WARN  (coreLoadExecutor-6-thread-1) [   ] o.a.s.c.Config Beginning with Solr 5.5, <mergePolicy> is deprecated, use <mergePolicyFactory> instead.
2018-01-12 12:26:21.456 WARN  (coreLoadExecutor-6-thread-1) [   ] o.a.s.c.Config Beginning with Solr 5.5, <mergeFactor> is deprecated, configure it on the relevant <mergePolicyFactory> instead.
2018-01-12 12:26:21.467 INFO  (coreLoadExecutor-6-thread-1) [   ] o.a.s.u.SolrIndexConfig IndexWriter infoStream solr logging is enabled
2018-01-12 12:26:21.509 INFO  (coreLoadExecutor-6-thread-1) [   ] o.a.s.c.SolrConfig Using Lucene MatchVersion: 5.0.0
2018-01-12 12:26:21.858 INFO  (coreLoadExecutor-6-thread-1) [   ] o.a.s.c.SolrConfig Loaded SolrConfig: solrconfig.xml
2018-01-12 12:26:22.055 INFO  (coreLoadExecutor-6-thread-1) [   ] o.a.s.s.IndexSchema [drupal] Schema name=drupal-4.7-solr-5.x
2018-01-12 12:26:22.544 INFO  (coreLoadExecutor-6-thread-1) [   ] o.a.s.s.IndexSchema unique key field: id
2018-01-12 12:26:22.638 INFO  (coreLoadExecutor-6-thread-1) [   ] o.a.s.c.ConfigSetProperties Did not find ConfigSet properties, assuming default properties: Can't find resource 'configsetprops.json' in classpath or '/var/www/mystore/solr/server/solr/drupal'
2018-01-12 12:26:22.639 INFO  (coreLoadExecutor-6-thread-1) [   ] o.a.s.c.CoreContainer Creating SolrCore 'drupal' using configuration from instancedir /var/www/mystore/solr/server/solr/drupal
2018-01-12 12:26:22.688 INFO  (coreLoadExecutor-6-thread-1) [   x:drupal] o.a.s.c.SolrCore solr.NRTCachingDirectoryFactory
2018-01-12 12:26:22.702 INFO  (coreLoadExecutor-6-thread-1) [   x:drupal] o.a.s.c.SolrCore [[drupal] ] Opening new SolrCore at [/var/www/mystore/solr/server/solr/drupal], dataDir=[/var/www/mystore/solr/server/solr/drupal/data/]
2018-01-12 12:26:22.703 INFO  (coreLoadExecutor-6-thread-1) [   x:drupal] o.a.s.c.SolrCore JMX monitoring not detected for core: drupal
2018-01-12 12:26:22.707 INFO  (coreLoadExecutor-6-thread-1) [   x:drupal] o.a.s.c.SolrCore [[drupal] ] Added SolrEventListener for newSearcher: [org.apache.solr.core.QuerySenderListener{queries=[]}]
2018-01-12 12:26:22.708 INFO  (coreLoadExecutor-6-thread-1) [   x:drupal] o.a.s.c.SolrCore [[drupal] ] Added SolrEventListener for firstSearcher: [org.apache.solr.core.QuerySenderListener{queries=[{q=solr rocks,start=0,rows=10}]}]
2018-01-12 12:26:22.715 INFO  (coreLoadExecutor-6-thread-1) [   x:drupal] o.a.s.c.SchemaCodecFactory Using default compressionMode: BEST_SPEED
2018-01-12 12:26:22.758 INFO  (coreLoadExecutor-6-thread-1) [   x:drupal] o.a.s.c.CachingDirectoryFactory return new directory for /var/www/mystore/solr/server/solr/drupal/data
2018-01-12 12:26:22.759 INFO  (coreLoadExecutor-6-thread-1) [   x:drupal] o.a.s.c.SolrCore New index directory detected: old=null new=/var/www/mystore/solr/server/solr/drupal/data/index/
2018-01-12 12:26:22.760 INFO  (coreLoadExecutor-6-thread-1) [   x:drupal] o.a.s.c.CachingDirectoryFactory return new directory for /var/www/mystore/solr/server/solr/drupal/data/index
2018-01-12 12:26:22.777 INFO  (OldIndexDirectoryCleanupThreadForCore-drupal) [   x:drupal] o.a.s.c.SolrCore Looking for old index directories to cleanup for core drupal in /var/www/mystore/solr/server/solr/drupal/data/
2018-01-12 12:26:22.787 INFO  (coreLoadExecutor-6-thread-1) [   x:drupal] o.a.s.r.XSLTResponseWriter xsltCacheLifetimeSeconds=5
2018-01-12 12:26:22.981 INFO  (coreLoadExecutor-6-thread-1) [   x:drupal] o.a.s.c.SolrCore no updateRequestProcessorChain defined as default, creating implicit default
2018-01-12 12:26:23.035 INFO  (coreLoadExecutor-6-thread-1) [   x:drupal] o.a.s.h.l.XMLLoader xsltCacheLifetimeSeconds=60
2018-01-12 12:26:23.038 INFO  (coreLoadExecutor-6-thread-1) [   x:drupal] o.a.s.c.PluginBag requestHandler : '/update/json' created with startup=lazy 
2018-01-12 12:26:23.038 INFO  (coreLoadExecutor-6-thread-1) [   x:drupal] o.a.s.c.PluginBag requestHandler : '/update/csv' created with startup=lazy 
2018-01-12 12:26:23.040 INFO  (coreLoadExecutor-6-thread-1) [   x:drupal] o.a.s.h.l.XMLLoader xsltCacheLifetimeSeconds=60
2018-01-12 12:26:23.061 INFO  (coreLoadExecutor-6-thread-1) [   x:drupal] o.a.s.c.PluginBag requestHandler : '/update/extract' created with startup=lazy 
2018-01-12 12:26:23.062 INFO  (coreLoadExecutor-6-thread-1) [   x:drupal] o.a.s.c.PluginBag requestHandler : '/update/xslt' created with startup=lazy 
2018-01-12 12:26:23.062 INFO  (coreLoadExecutor-6-thread-1) [   x:drupal] o.a.s.c.PluginBag requestHandler : '/analysis/field' created with startup=lazy 
2018-01-12 12:26:23.062 INFO  (coreLoadExecutor-6-thread-1) [   x:drupal] o.a.s.c.PluginBag requestHandler : '/analysis/document' created with startup=lazy 
2018-01-12 12:26:23.064 INFO  (coreLoadExecutor-6-thread-1) [   x:drupal] o.a.s.c.PluginBag requestHandler : '/spell' created with startup=lazy 
2018-01-12 12:26:23.064 INFO  (coreLoadExecutor-6-thread-1) [   x:drupal] o.a.s.c.PluginBag requestHandler : '/tvrh' created with startup=lazy 
2018-01-12 12:26:23.065 INFO  (coreLoadExecutor-6-thread-1) [   x:drupal] o.a.s.c.PluginBag requestHandler : '/terms' created with startup=lazy 
2018-01-12 12:26:23.065 INFO  (coreLoadExecutor-6-thread-1) [   x:drupal] o.a.s.c.PluginBag requestHandler : '/elevate' created with startup=lazy 
2018-01-12 12:26:23.065 INFO  (coreLoadExecutor-6-thread-1) [   x:drupal] o.a.s.c.RequestHandlers Registered paths: /admin/mbeans,standard,,/update/json/docs,/admin/luke,/export,pinkPony,/get,/admin/properties,/elevate,/update/json,/admin/threads,/query,/analysis/field,/analysis/document,/spell,/update/csv,/tvrh,/admin/segments,/mlt,/admin/system,/replication,/config,/schema,/update/xslt,/admin/plugins,/admin/logging,/admin/ping,/update,/admin/file,/debug/dump,/terms,/update/extract
2018-01-12 12:26:23.067 INFO  (coreLoadExecutor-6-thread-1) [   x:drupal] o.a.s.c.SolrCore Using default statsCache cache: org.apache.solr.search.stats.LocalStatsCache
2018-01-12 12:26:23.079 INFO  (coreLoadExecutor-6-thread-1) [   x:drupal] o.a.s.u.UpdateHandler Using UpdateLog implementation: org.apache.solr.update.UpdateLog
2018-01-12 12:26:23.079 INFO  (coreLoadExecutor-6-thread-1) [   x:drupal] o.a.s.u.UpdateLog Initializing UpdateLog: dataDir= defaultSyncLevel=FLUSH numRecordsToKeep=100 maxNumLogsToKeep=10 numVersionBuckets=65536
2018-01-12 12:26:23.200 INFO  (coreLoadExecutor-6-thread-1) [   x:drupal] o.a.s.u.CommitTracker Hard AutoCommit: if uncommited for 120000ms; if 10000 uncommited docs 
2018-01-12 12:26:23.200 INFO  (coreLoadExecutor-6-thread-1) [   x:drupal] o.a.s.u.CommitTracker Soft AutoCommit: if uncommited for 10000ms; if 2000 uncommited docs 
2018-01-12 12:26:23.309 INFO  (coreLoadExecutor-6-thread-1) [   x:drupal] o.a.s.c.SolrDeletionPolicy SolrDeletionPolicy.onInit: commits: num=1
	commit{dir=NRTCachingDirectory(MMapDirectory@/var/www/mystore/solr/server/solr/drupal/data/index lockFactory=org.apache.lucene.store.NativeFSLockFactory@1a7b3886; maxCacheMB=48.0 maxMergeSizeMB=4.0),segFN=segments_1e,generation=50}
2018-01-12 12:26:23.310 INFO  (coreLoadExecutor-6-thread-1) [   x:drupal] o.a.s.c.SolrDeletionPolicy newest commit generation = 50
2018-01-12 12:26:23.422 INFO  (coreLoadExecutor-6-thread-1) [   x:drupal] o.a.s.s.SolrIndexSearcher Opening Searcher@5341667f[drupal] main
2018-01-12 12:26:23.440 INFO  (coreLoadExecutor-6-thread-1) [   x:drupal] o.a.s.r.ManagedResourceStorage File-based storage initialized to use dir: /var/www/mystore/solr/server/solr/drupal/conf
2018-01-12 12:26:23.440 INFO  (coreLoadExecutor-6-thread-1) [   x:drupal] o.a.s.r.RestManager Initializing RestManager with initArgs: {storageDir=/var/www/mystore/solr/server/solr/drupal/conf}
2018-01-12 12:26:23.476 INFO  (coreLoadExecutor-6-thread-1) [   x:drupal] o.a.s.r.ManagedResourceStorage Reading _rest_managed.json using file:dir=/var/www/mystore/solr/server/solr/drupal/conf
2018-01-12 12:26:23.477 INFO  (coreLoadExecutor-6-thread-1) [   x:drupal] o.a.s.r.RestManager Initializing 0 registered ManagedResources
2018-01-12 12:26:23.493 INFO  (coreLoadExecutor-6-thread-1) [   x:drupal] o.a.s.h.c.QueryElevationComponent Loading QueryElevation from: /var/www/mystore/solr/server/solr/drupal/conf/elevate.xml
2018-01-12 12:26:23.516 INFO  (coreLoadExecutor-6-thread-1) [   x:drupal] o.a.s.h.c.SpellCheckComponent Initializing spell checkers
2018-01-12 12:26:23.542 INFO  (coreLoadExecutor-6-thread-1) [   x:drupal] o.a.s.h.c.SpellCheckComponent Registering newSearcher listener for spellchecker: default
2018-01-12 12:26:23.542 INFO  (coreLoadExecutor-6-thread-1) [   x:drupal] o.a.s.h.c.SpellCheckComponent No queryConverter defined, using default converter
2018-01-12 12:26:23.545 INFO  (coreLoadExecutor-6-thread-1) [   x:drupal] o.a.s.h.ReplicationHandler Commits will be reserved for  10000
2018-01-12 12:26:23.546 INFO  (searcherExecutor-7-thread-1-processing-x:drupal) [   x:drupal] o.a.s.c.QuerySenderListener QuerySenderListener sending requests to Searcher@5341667f[drupal] main{ExitableDirectoryReader(UninvertingDirectoryReader(Uninverting(_1t(5.5.4):C29/6:delGen=2) Uninverting(_1u(5.5.4):C1) Uninverting(_1v(5.5.4):C5)))}
2018-01-12 12:26:23.548 INFO  (coreLoadExecutor-6-thread-1) [   x:drupal] o.a.s.u.UpdateLog Looking up max value of version field to seed version buckets
2018-01-12 12:26:23.550 INFO  (coreLoadExecutor-6-thread-1) [   x:drupal] o.a.s.u.VersionInfo Refreshing highest value of _version_ for 65536 version buckets from index
2018-01-12 12:26:23.598 INFO  (coreLoadExecutor-6-thread-1) [   x:drupal] o.a.s.u.VersionInfo Found MAX value 1589389474123481088 from Terms for _version_ in index
2018-01-12 12:26:23.605 INFO  (coreLoadExecutor-6-thread-1) [   x:drupal] o.a.s.u.UpdateLog Took 57.0ms to seed version buckets with highest version 1589389474123481088
2018-01-12 12:26:23.607 INFO  (coreLoadExecutor-6-thread-1) [   x:drupal] o.a.s.c.CoreContainer registering core: drupal
2018-01-12 12:26:23.663 INFO  (searcherExecutor-7-thread-1-processing-x:drupal) [   x:drupal] o.a.s.c.S.Request [drupal]  webapp=null path=null params={q=solr+rocks&distrib=false&start=0&rows=10&event=firstSearcher} hits=0 status=0 QTime=112
2018-01-12 12:26:23.664 INFO  (searcherExecutor-7-thread-1-processing-x:drupal) [   x:drupal] o.a.s.c.QuerySenderListener QuerySenderListener done.
2018-01-12 12:26:23.664 INFO  (searcherExecutor-7-thread-1-processing-x:drupal) [   x:drupal] o.a.s.h.c.SpellCheckComponent Loading spell index for spellchecker: default
2018-01-12 12:26:23.668 INFO  (searcherExecutor-7-thread-1-processing-x:drupal) [   x:drupal] o.a.s.c.SolrCore [drupal] Registered new searcher Searcher@5341667f[drupal] main{ExitableDirectoryReader(UninvertingDirectoryReader(Uninverting(_1t(5.5.4):C29/6:delGen=2) Uninverting(_1u(5.5.4):C1) Uninverting(_1v(5.5.4):C5)))}
2018-01-12 12:26:29.236 INFO  (qtp1450821318-18) [   x:drupal] o.a.s.c.S.Request [drupal]  webapp=/solr path=/admin/system params={json.nl=flat&omitHeader=true&wt=json} status=0 QTime=79
2018-01-12 12:26:29.486 INFO  (qtp1450821318-15) [   x:drupal] o.a.s.c.S.Request [drupal]  webapp=/solr path=/select params={facet.field={!key%3Dits_attribute_kolir+ex%3Dfacet:attribute_kolir}its_attribute_kolir&facet.field={!key%3Dits_attribute_rozmir+ex%3Dfacet:attribute_rozmir}its_attribute_rozmir&facet.field={!key%3Dits_attribute_size+ex%3Dfacet:attribute_size}its_attribute_size&json.nl=flat&hl=true&f.its_attribute_rozmir.facet.limit=-1&fl=*,score&start=0&facet.missing=false&f.its_attribute_rozmir.facet.missing=false&fq=(%2Bss_search_api_language:"ru"+%2Bitm_field_category:"22")+(%2Bss_search_api_language:"uk"+%2Bitm_field_category:"22")+(%2Bss_search_api_language:"und"+%2Bitm_field_category:"22")+(%2Bss_search_api_language:"zxx"+%2Bitm_field_category:"22")&fq=index_id:"products_variations"&rows=25&q=*:*&facet.limit=10&defType=edismax&f.its_attribute_kolir.facet.limit=-1&f.its_attribute_size.facet.limit=-1&omitHeader=true&qf=&f.its_attribute_size.facet.missing=false&facet.mincount=1&wt=json&facet=true&facet.sort=count&f.its_attribute_kolir.facet.missing=false} hits=15 status=0 QTime=107
2018-01-12 13:30:19.006 INFO  (qtp1450821318-18) [   x:drupal] o.a.s.c.S.Request [drupal]  webapp=/solr path=/select params={facet.field={!key%3Dits_attribute_kolir+ex%3Dfacet:attribute_kolir}its_attribute_kolir&facet.field={!key%3Dits_attribute_rozmir+ex%3Dfacet:attribute_rozmir}its_attribute_rozmir&facet.field={!key%3Dits_attribute_size+ex%3Dfacet:attribute_size}its_attribute_size&json.nl=flat&hl=true&f.its_attribute_rozmir.facet.limit=-1&fl=*,score&start=0&facet.missing=false&f.its_attribute_rozmir.facet.missing=false&fq=(%2Bss_search_api_language:"ru"+%2Bitm_field_category:"22")+(%2Bss_search_api_language:"uk"+%2Bitm_field_category:"22")+(%2Bss_search_api_language:"und"+%2Bitm_field_category:"22")+(%2Bss_search_api_language:"zxx"+%2Bitm_field_category:"22")&fq=index_id:"products_variations"&rows=25&q=*:*&facet.limit=10&defType=edismax&f.its_attribute_kolir.facet.limit=-1&f.its_attribute_size.facet.limit=-1&omitHeader=true&qf=&f.its_attribute_size.facet.missing=false&facet.mincount=1&wt=json&facet=true&facet.sort=count&f.its_attribute_kolir.facet.missing=false} hits=15 status=0 QTime=961
2018-01-12 14:12:38.494 INFO  (qtp1450821318-18) [   x:drupal] o.a.s.c.S.Request [drupal]  webapp=/solr path=/select params={facet.field={!key%3Dits_attribute_kolir+ex%3Dfacet:attribute_kolir}its_attribute_kolir&facet.field={!key%3Dits_attribute_rozmir+ex%3Dfacet:attribute_rozmir}its_attribute_rozmir&facet.field={!key%3Dits_attribute_size+ex%3Dfacet:attribute_size}its_attribute_size&json.nl=flat&hl=true&f.its_attribute_rozmir.facet.limit=-1&fl=*,score&start=0&facet.missing=false&f.its_attribute_rozmir.facet.missing=false&fq=(%2Bss_search_api_language:"ru"+%2Bitm_field_category:"22")+(%2Bss_search_api_language:"uk"+%2Bitm_field_category:"22")+(%2Bss_search_api_language:"und"+%2Bitm_field_category:"22")+(%2Bss_search_api_language:"zxx"+%2Bitm_field_category:"22")&fq=index_id:"products_variations"&rows=25&q=*:*&facet.limit=10&defType=edismax&f.its_attribute_kolir.facet.limit=-1&f.its_attribute_size.facet.limit=-1&omitHeader=true&qf=&f.its_attribute_size.facet.missing=false&facet.mincount=1&wt=json&facet=true&facet.sort=count&f.its_attribute_kolir.facet.missing=false} hits=15 status=0 QTime=1471
2018-01-12 14:17:34.809 INFO  (qtp1450821318-20) [   x:drupal] o.a.s.c.S.Request [drupal]  webapp=/solr path=/select params={facet.field={!key%3Dits_attribute_kolir+ex%3Dfacet:attribute_kolir}its_attribute_kolir&facet.field={!key%3Dits_attribute_rozmir+ex%3Dfacet:attribute_rozmir}its_attribute_rozmir&facet.field={!key%3Dits_attribute_size+ex%3Dfacet:attribute_size}its_attribute_size&json.nl=flat&hl=true&f.its_attribute_rozmir.facet.limit=-1&fl=*,score&start=0&facet.missing=false&f.its_attribute_rozmir.facet.missing=false&fq=(%2Bss_search_api_language:"ru"+%2Bitm_field_category:"22")+(%2Bss_search_api_language:"uk"+%2Bitm_field_category:"22")+(%2Bss_search_api_language:"und"+%2Bitm_field_category:"22")+(%2Bss_search_api_language:"zxx"+%2Bitm_field_category:"22")&fq=index_id:"products_variations"&rows=25&q=*:*&facet.limit=10&defType=edismax&f.its_attribute_kolir.facet.limit=-1&f.its_attribute_size.facet.limit=-1&omitHeader=true&qf=&f.its_attribute_size.facet.missing=false&facet.mincount=1&wt=json&facet=true&facet.sort=count&f.its_attribute_kolir.facet.missing=false} hits=15 status=0 QTime=15
2018-01-12 14:39:32.625 INFO  (qtp1450821318-18) [   x:drupal] o.a.s.c.S.Request [drupal]  webapp=/solr path=/select params={facet.field={!key%3Dits_attribute_kolir+ex%3Dfacet:attribute_kolir}its_attribute_kolir&facet.field={!key%3Dits_attribute_rozmir+ex%3Dfacet:attribute_rozmir}its_attribute_rozmir&facet.field={!key%3Dits_attribute_size+ex%3Dfacet:attribute_size}its_attribute_size&json.nl=flat&hl=true&f.its_attribute_rozmir.facet.limit=-1&fl=*,score&start=0&facet.missing=false&f.its_attribute_rozmir.facet.missing=false&fq=(%2Bss_search_api_language:"ru"+%2Bitm_field_category:"22")+(%2Bss_search_api_language:"uk"+%2Bitm_field_category:"22")+(%2Bss_search_api_language:"und"+%2Bitm_field_category:"22")+(%2Bss_search_api_language:"zxx"+%2Bitm_field_category:"22")&fq=index_id:"products_variations"&rows=25&q=*:*&facet.limit=10&defType=edismax&f.its_attribute_kolir.facet.limit=-1&f.its_attribute_size.facet.limit=-1&omitHeader=true&qf=&f.its_attribute_size.facet.missing=false&facet.mincount=1&wt=json&facet=true&facet.sort=count&f.its_attribute_kolir.facet.missing=false} hits=15 status=0 QTime=197
2018-01-12 14:42:51.876 INFO  (qtp1450821318-18) [   x:drupal] o.a.s.c.S.Request [drupal]  webapp=/solr path=/select params={facet.field={!key%3Dits_attribute_kolir+ex%3Dfacet:attribute_kolir}its_attribute_kolir&facet.field={!key%3Dits_attribute_rozmir+ex%3Dfacet:attribute_rozmir}its_attribute_rozmir&facet.field={!key%3Dits_attribute_size+ex%3Dfacet:attribute_size}its_attribute_size&json.nl=flat&hl=true&f.its_attribute_rozmir.facet.limit=-1&fl=*,score&start=0&facet.missing=false&f.its_attribute_rozmir.facet.missing=false&fq=(%2Bss_search_api_language:"ru"+%2Bitm_field_category:"22")+(%2Bss_search_api_language:"uk"+%2Bitm_field_category:"22")+(%2Bss_search_api_language:"und"+%2Bitm_field_category:"22")+(%2Bss_search_api_language:"zxx"+%2Bitm_field_category:"22")&fq=index_id:"products_variations"&rows=25&q=*:*&facet.limit=10&defType=edismax&f.its_attribute_kolir.facet.limit=-1&f.its_attribute_size.facet.limit=-1&omitHeader=true&qf=&f.its_attribute_size.facet.missing=false&facet.mincount=1&wt=json&facet=true&facet.sort=count&f.its_attribute_kolir.facet.missing=false} hits=15 status=0 QTime=593
2018-01-12 14:43:45.477 INFO  (qtp1450821318-13) [   x:drupal] o.a.s.c.S.Request [drupal]  webapp=/solr path=/select params={facet.field={!key%3Dits_attribute_kolir+ex%3Dfacet:attribute_kolir}its_attribute_kolir&facet.field={!key%3Dits_attribute_rozmir+ex%3Dfacet:attribute_rozmir}its_attribute_rozmir&facet.field={!key%3Dits_attribute_size+ex%3Dfacet:attribute_size}its_attribute_size&json.nl=flat&hl=true&f.its_attribute_rozmir.facet.limit=-1&fl=*,score&start=0&facet.missing=false&f.its_attribute_rozmir.facet.missing=false&fq=(%2Bss_search_api_language:"ru"+%2Bitm_field_category:"22")+(%2Bss_search_api_language:"uk"+%2Bitm_field_category:"22")+(%2Bss_search_api_language:"und"+%2Bitm_field_category:"22")+(%2Bss_search_api_language:"zxx"+%2Bitm_field_category:"22")&fq=index_id:"products_variations"&rows=25&q=*:*&facet.limit=10&defType=edismax&f.its_attribute_kolir.facet.limit=-1&f.its_attribute_size.facet.limit=-1&omitHeader=true&qf=&f.its_attribute_size.facet.missing=false&facet.mincount=1&wt=json&facet=true&facet.sort=count&f.its_attribute_kolir.facet.missing=false} hits=15 status=0 QTime=21
2018-01-12 14:44:58.327 INFO  (qtp1450821318-20) [   x:drupal] o.a.s.c.S.Request [drupal]  webapp=/solr path=/select params={facet.field={!key%3Dits_attribute_kolir+ex%3Dfacet:attribute_kolir}its_attribute_kolir&facet.field={!key%3Dits_attribute_rozmir+ex%3Dfacet:attribute_rozmir}its_attribute_rozmir&facet.field={!key%3Dits_attribute_size+ex%3Dfacet:attribute_size}its_attribute_size&json.nl=flat&hl=true&f.its_attribute_rozmir.facet.limit=-1&fl=*,score&start=0&facet.missing=false&f.its_attribute_rozmir.facet.missing=false&fq=(%2Bss_search_api_language:"ru"+%2Bitm_field_category:"22")+(%2Bss_search_api_language:"uk"+%2Bitm_field_category:"22")+(%2Bss_search_api_language:"und"+%2Bitm_field_category:"22")+(%2Bss_search_api_language:"zxx"+%2Bitm_field_category:"22")&fq=index_id:"products_variations"&rows=25&q=*:*&facet.limit=10&defType=edismax&f.its_attribute_kolir.facet.limit=-1&f.its_attribute_size.facet.limit=-1&omitHeader=true&qf=&f.its_attribute_size.facet.missing=false&facet.mincount=1&wt=json&facet=true&facet.sort=count&f.its_attribute_kolir.facet.missing=false} hits=15 status=0 QTime=19
2018-01-12 14:49:23.212 INFO  (qtp1450821318-20) [   x:drupal] o.a.s.c.S.Request [drupal]  webapp=/solr path=/select params={facet.field={!key%3Dits_attribute_kolir+ex%3Dfacet:attribute_kolir}its_attribute_kolir&facet.field={!key%3Dits_attribute_rozmir+ex%3Dfacet:attribute_rozmir}its_attribute_rozmir&facet.field={!key%3Dits_attribute_size+ex%3Dfacet:attribute_size}its_attribute_size&json.nl=flat&hl=true&f.its_attribute_rozmir.facet.limit=-1&fl=*,score&start=0&facet.missing=false&f.its_attribute_rozmir.facet.missing=false&fq=(%2Bss_search_api_language:"ru"+%2Bitm_field_category:"22")+(%2Bss_search_api_language:"uk"+%2Bitm_field_category:"22")+(%2Bss_search_api_language:"und"+%2Bitm_field_category:"22")+(%2Bss_search_api_language:"zxx"+%2Bitm_field_category:"22")&fq=index_id:"products_variations"&rows=25&q=*:*&facet.limit=10&defType=edismax&f.its_attribute_kolir.facet.limit=-1&f.its_attribute_size.facet.limit=-1&omitHeader=true&qf=&f.its_attribute_size.facet.missing=false&facet.mincount=1&wt=json&facet=true&facet.sort=count&f.its_attribute_kolir.facet.missing=false} hits=15 status=0 QTime=26
